<?xml version="1.0" encoding="UTF-8"?>
<!-- Generated by org.testng.reporters.JUnitReportReporter -->
<testsuite skipped="0" hostname="DESKTOP-62596MK" name="com.prj.qa.test.LoginPageTest" tests="3" failures="0" timestamp="07 Oct 2020 21:04:19 GMT" time="46.310" errors="0">
  <testcase name="validateTitleTest" time="14.587" classname="com.prj.qa.test.LoginPageTest"/>
  <testcase name="validateLogoTest" time="12.844" classname="com.prj.qa.test.LoginPageTest"/>
  <testcase name="ValidateLoginTest" time="18.879" classname="com.prj.qa.test.LoginPageTest"/>
</testsuite> <!-- com.prj.qa.test.LoginPageTest -->
