<?xml version="1.0" encoding="UTF-8"?>
<!-- Generated by org.testng.reporters.JUnitReportReporter -->
<testsuite skipped="0" hostname="DESKTOP-62596MK" name="com.prj.qa.test.HomePageTest" tests="3" failures="0" timestamp="10 Aug 2020 19:52:40 GMT" time="65.599" errors="0">
  <testcase name="verifyHomepageTitle" time="20.951" classname="com.prj.qa.test.HomePageTest"/>
  <testcase name="verifyHomepageUsername" time="22.404" classname="com.prj.qa.test.HomePageTest"/>
  <testcase name="verifyContactsTest" time="22.244" classname="com.prj.qa.test.HomePageTest"/>
</testsuite> <!-- com.prj.qa.test.HomePageTest -->
